Using pre-set license
Built from '2021.3/staging' branch; Version is '2021.3.26f1 (a16dc32e0ff2) revision 10579395'; Using compiler version '192829333'; Build Type 'Release'
OS: 'Windows 10  (10.0.19045) 64bit Professional' Language: 'ru' Physical Memory: 16328 MB
BatchMode: 1, IsHumanControllingUs: 0, StartBugReporterOnCrash: 0, Is64bit: 1, IsPro: 1

COMMAND LINE ARGUMENTS:
D:\Unity\Editor\2021.3.26f1\Editor\Unity.exe
-adb2
-batchMode
-noUpm
-name
AssetImportWorker1
-projectPath
D:/Git projects/ArcheroTestSirGames
-logFile
Logs/AssetImportWorker1.log
-srvPort
13518
Successfully changed project path to: D:/Git projects/ArcheroTestSirGames
D:/Git projects/ArcheroTestSirGames
[UnityMemory] Configuration Parameters - Can be set up in boot.config
    "memorysetup-bucket-allocator-granularity=16"
    "memorysetup-bucket-allocator-bucket-count=8"
    "memorysetup-bucket-allocator-block-size=33554432"
    "memorysetup-bucket-allocator-block-count=8"
    "memorysetup-main-allocator-block-size=16777216"
    "memorysetup-thread-allocator-block-size=16777216"
    "memorysetup-gfx-main-allocator-block-size=16777216"
    "memorysetup-gfx-thread-allocator-block-size=16777216"
    "memorysetup-cache-allocator-block-size=4194304"
    "memorysetup-typetree-allocator-block-size=2097152"
    "memorysetup-profiler-bucket-allocator-granularity=16"
    "memorysetup-profiler-bucket-allocator-bucket-count=8"
    "memorysetup-profiler-bucket-allocator-block-size=33554432"
    "memorysetup-profiler-bucket-allocator-block-count=8"
    "memorysetup-profiler-allocator-block-size=16777216"
    "memorysetup-profiler-editor-allocator-block-size=1048576"
    "memorysetup-temp-allocator-size-main=16777216"
    "memorysetup-job-temp-allocator-block-size=2097152"
    "memorysetup-job-temp-allocator-block-size-background=1048576"
    "memorysetup-job-temp-allocator-reduction-small-platforms=262144"
    "memorysetup-temp-allocator-size-background-worker=32768"
    "memorysetup-temp-allocator-size-job-worker=262144"
    "memorysetup-temp-allocator-size-preload-manager=33554432"
    "memorysetup-temp-allocator-size-nav-mesh-worker=65536"
    "memorysetup-temp-allocator-size-audio-worker=65536"
    "memorysetup-temp-allocator-size-cloud-worker=32768"
    "memorysetup-temp-allocator-size-gi-baking-worker=262144"
    "memorysetup-temp-allocator-size-gfx=262144"
Player connection [12136] Host "[IP] 192.168.1.107 [Port] 0 [Flags] 2 [Guid] 523176389 [EditorId] 523176389 [Version] 1048832 [Id] WindowsEditor(7,DESKTOP-2K3IFNL) [Debug] 1 [PackageName] WindowsEditor [ProjectName] Editor" joined multi-casting on [225.0.0.222:54997]...

Player connection [12136] Host "[IP] 192.168.1.107 [Port] 0 [Flags] 2 [Guid] 523176389 [EditorId] 523176389 [Version] 1048832 [Id] WindowsEditor(7,DESKTOP-2K3IFNL) [Debug] 1 [PackageName] WindowsEditor [ProjectName] Editor" joined alternative multi-casting on [225.0.0.222:34997]...

Refreshing native plugins compatible for Editor in 67.71 ms, found 3 plugins.
Preloading 0 native plugins for Editor in 0.00 ms.
Initialize engine version: 2021.3.26f1 (a16dc32e0ff2)
[Subsystems] Discovering subsystems at path D:/Unity/Editor/2021.3.26f1/Editor/Data/Resources/UnitySubsystems
[Subsystems] Discovering subsystems at path D:/Git projects/ArcheroTestSirGames/Assets
GfxDevice: creating device client; threaded=0; jobified=0
Direct3D:
    Version:  Direct3D 11.0 [level 11.1]
    Renderer: NVIDIA GeForce GTX 1070 (ID=0x1b81)
    Vendor:   NVIDIA
    VRAM:     8081 MB
    Driver:   31.0.15.2698
Initialize mono
Mono path[0] = 'D:/Unity/Editor/2021.3.26f1/Editor/Data/Managed'
Mono path[1] = 'D:/Unity/Editor/2021.3.26f1/Editor/Data/MonoBleedingEdge/lib/mono/unityjit-win32'
Mono config path = 'D:/Unity/Editor/2021.3.26f1/Editor/Data/MonoBleedingEdge/etc'
Using monoOptions --debugger-agent=transport=dt_socket,embedding=1,server=y,suspend=n,address=127.0.0.1:56760
Begin MonoManager ReloadAssembly
Registering precompiled unity dll's ...
Register platform support module: D:/Unity/Editor/2021.3.26f1/Editor/Data/PlaybackEngines/AndroidPlayer/UnityEditor.Android.Extensions.dll
Register platform support module: D:/Unity/Editor/2021.3.26f1/Editor/Data/PlaybackEngines/iOSSupport/UnityEditor.iOS.Extensions.dll
Register platform support module: D:/Unity/Editor/2021.3.26f1/Editor/Data/PlaybackEngines/WindowsStandaloneSupport/UnityEditor.WindowsStandalone.Extensions.dll
Registered in 0.002950 seconds.
Native extension for WindowsStandalone target not found
[usbmuxd] Start listen thread
[usbmuxd] Listen thread started
Native extension for iOS target not found
Native extension for Android target not found
Android Extension - Scanning For ADB Devices 183 ms
Refreshing native plugins compatible for Editor in 68.92 ms, found 3 plugins.
Preloading 0 native plugins for Editor in 0.00 ms.
Mono: successfully reloaded assembly
- Completed reload, in  0.751 seconds
Domain Reload Profiling:
	ReloadAssembly (751ms)
		BeginReloadAssembly (66ms)
			ExecutionOrderSort (0ms)
			DisableScriptedObjects (0ms)
			BackupInstance (0ms)
			ReleaseScriptingObjects (0ms)
			CreateAndSetChildDomain (1ms)
		EndReloadAssembly (608ms)
			LoadAssemblies (66ms)
			RebuildTransferFunctionScriptingTraits (0ms)
			SetupTypeCache (90ms)
			ReleaseScriptCaches (0ms)
			RebuildScriptCaches (28ms)
			SetupLoadedEditorAssemblies (448ms)
				LogAssemblyErrors (0ms)
				InitializePlatformSupportModulesInManaged (261ms)
				SetLoadedEditorAssemblies (0ms)
				RefreshPlugins (69ms)
				BeforeProcessingInitializeOnLoad (1ms)
				ProcessInitializeOnLoadAttributes (80ms)
				ProcessInitializeOnLoadMethodAttributes (36ms)
				AfterProcessingInitializeOnLoad (0ms)
				EditorAssembliesLoaded (0ms)
			ExecutionOrderSort2 (0ms)
			AwakeInstancesAfterBackupRestoration (0ms)
Platform modules already initialized, skipping
Registering precompiled user dll's ...
Registered in 0.003523 seconds.
Assembly with name 'Zenject' already exists (Assets/Plugins/Zenject/zenject.asmdef)
Assembly with name 'Zenject' already exists (Assets/SirGames/Plugins/Zenject/zenject.asmdef)
Assembly with name 'Zenject-Editor' already exists (Assets/Plugins/Zenject/Source/Editor/Zenject-Editor.asmdef)
Assembly with name 'Zenject-Editor' already exists (Assets/SirGames/Plugins/Zenject/Source/Editor/Zenject-Editor.asmdef)
Folder 'Assets/SirGames/Scripts/' contains multiple assembly definition files (Assets/SirGames/Scripts/NewAssemblyReference.asmref)
Folder 'Assets/SirGames/Scripts/' contains multiple assembly definition files (Assets/SirGames/Scripts/SirGames.asmdef)
Assembly with name 'Zenject' already exists (Assets/Plugins/Zenject/zenject.asmdef)
Assembly with name 'Zenject' already exists (Assets/SirGames/Plugins/Zenject/zenject.asmdef)
Assembly with name 'Zenject-Editor' already exists (Assets/Plugins/Zenject/Source/Editor/Zenject-Editor.asmdef)
Assembly with name 'Zenject-Editor' already exists (Assets/SirGames/Plugins/Zenject/Source/Editor/Zenject-Editor.asmdef)
Folder 'Assets/SirGames/Scripts/' contains multiple assembly definition files (Assets/SirGames/Scripts/NewAssemblyReference.asmref)
Folder 'Assets/SirGames/Scripts/' contains multiple assembly definition files (Assets/SirGames/Scripts/SirGames.asmdef)
Begin MonoManager ReloadAssembly
Symbol file LoadedFromMemory doesn't match image D:\Git projects\ArcheroTestSirGames\Library\PackageCache\com.unity.visualscripting@1.8.0\Editor\VisualScripting.Core\Dependencies\YamlDotNet\Unity.VisualScripting.YamlDotNet.dll
Symbol file LoadedFromMemory doesn't match image D:\Git projects\ArcheroTestSirGames\Library\PackageCache\com.unity.visualscripting@1.8.0\Editor\VisualScripting.Core\Dependencies\DotNetZip\Unity.VisualScripting.IonicZip.dll
Native extension for WindowsStandalone target not found
Native extension for iOS target not found
Native extension for Android target not found
Refreshing native plugins compatible for Editor in 0.42 ms, found 3 plugins.
Preloading 0 native plugins for Editor in 0.00 ms.
Assembly with name 'Zenject' already exists (Assets/Plugins/Zenject/zenject.asmdef)
Assembly with name 'Zenject' already exists (Assets/SirGames/Plugins/Zenject/zenject.asmdef)
Assembly with name 'Zenject-Editor' already exists (Assets/Plugins/Zenject/Source/Editor/Zenject-Editor.asmdef)
Assembly with name 'Zenject-Editor' already exists (Assets/SirGames/Plugins/Zenject/Source/Editor/Zenject-Editor.asmdef)
Folder 'Assets/SirGames/Scripts/' contains multiple assembly definition files (Assets/SirGames/Scripts/NewAssemblyReference.asmref)
Folder 'Assets/SirGames/Scripts/' contains multiple assembly definition files (Assets/SirGames/Scripts/SirGames.asmdef)
Mono: successfully reloaded assembly
- Completed reload, in  0.626 seconds
Domain Reload Profiling:
	ReloadAssembly (626ms)
		BeginReloadAssembly (99ms)
			ExecutionOrderSort (0ms)
			DisableScriptedObjects (5ms)
			BackupInstance (0ms)
			ReleaseScriptingObjects (0ms)
			CreateAndSetChildDomain (18ms)
		EndReloadAssembly (429ms)
			LoadAssemblies (61ms)
			RebuildTransferFunctionScriptingTraits (0ms)
			SetupTypeCache (126ms)
			ReleaseScriptCaches (1ms)
			RebuildScriptCaches (27ms)
			SetupLoadedEditorAssemblies (191ms)
				LogAssemblyErrors (0ms)
				InitializePlatformSupportModulesInManaged (23ms)
				SetLoadedEditorAssemblies (0ms)
				RefreshPlugins (0ms)
				BeforeProcessingInitializeOnLoad (74ms)
				ProcessInitializeOnLoadAttributes (74ms)
				ProcessInitializeOnLoadMethodAttributes (16ms)
				AfterProcessingInitializeOnLoad (3ms)
				EditorAssembliesLoaded (0ms)
			ExecutionOrderSort2 (0ms)
			AwakeInstancesAfterBackupRestoration (5ms)
Platform modules already initialized, skipping
========================================================================
Worker process is ready to serve import requests
Launched and connected shader compiler UnityShaderCompiler.exe after 0.04 seconds
Refreshing native plugins compatible for Editor in 0.58 ms, found 3 plugins.
Preloading 0 native plugins for Editor in 0.00 ms.
Unloading 3569 Unused Serialized files (Serialized files now loaded: 0)
Unloading 21 unused Assets / (284.1 KB). Loaded Objects now: 4024.
Memory consumption went from 122.9 MB to 122.6 MB.
Total: 2.726600 ms (FindLiveObjects: 0.431600 ms CreateObjectMapping: 0.112700 ms MarkObjects: 2.113200 ms  DeleteObjects: 0.068300 ms)

AssetImportParameters requested are different than current active one (requested -> active):
  custom:video-decoder-ogg-theora: a1e56fd34408186e4bbccfd4996cb3dc -> 
  custom:container-muxer-webm: aa71ff27fc2769a1b78a27578f13a17b -> 
  custom:container-demuxer-webm: 4f35f7cbe854078d1ac9338744f61a02 -> 
  custom:video-encoder-webm-vp8: eb34c28f22e8b96e1ab97ce403110664 -> 
  custom:audio-encoder-webm-vorbis: bf7c407c2cedff20999df2af8eb42d56 -> 
  custom:framework-win-MediaFoundation: 216162199b28c13a410421893ffa2e32 -> 
  custom:container-demuxer-ogg: 62fdf1f143b41e24485cea50d1cbac27 -> 
  custom:video-decoder-webm-vp8: 9c59270c3fd7afecdb556c50c9e8de78 -> 
  custom:audio-decoder-ogg-vorbis: bf7c407c2cedff20999df2af8eb42d56 -> 
========================================================================
Received Import Request.
  Time since last request: 28728.376711 seconds.
  path: Assets/Plugins/Zenject/zenject.asmdef
  artifactKey: Guid(0d8beb7f090555447a6cf5ce9e54dbb4) Importer(815301076,1909f56bfc062723c751e8b465ee728b)
Start importing Assets/Plugins/Zenject/zenject.asmdef using Guid(0d8beb7f090555447a6cf5ce9e54dbb4) Importer(815301076,1909f56bfc062723c751e8b465ee728b)  -> (artifact id: '73e59f1ec3fc9119bba970fbdf9d5a78') in 0.024915 seconds 
========================================================================
Received Prepare
Registering precompiled user dll's ...
Registered in 0.003445 seconds.
Assembly with name 'Zenject' already exists (Assets/Plugins/Zenject/zenject.asmdef)
Assembly with name 'Zenject' already exists (Assets/SirGames/Plugins/Zenject/zenject.asmdef)
Assembly with name 'Zenject-Editor' already exists (Assets/Plugins/Zenject/Source/Editor/Zenject-Editor.asmdef)
Assembly with name 'Zenject-Editor' already exists (Assets/SirGames/Plugins/Zenject/Source/Editor/Zenject-Editor.asmdef)
Folder 'Assets/SirGames/Scripts/' contains multiple assembly definition files (Assets/SirGames/Scripts/NewAssemblyReference.asmref)
Folder 'Assets/SirGames/Scripts/' contains multiple assembly definition files (Assets/SirGames/Scripts/SirGames.asmdef)
Assembly with name 'Zenject' already exists (Assets/Plugins/Zenject/zenject.asmdef)
Assembly with name 'Zenject' already exists (Assets/SirGames/Plugins/Zenject/zenject.asmdef)
Assembly with name 'Zenject-Editor' already exists (Assets/Plugins/Zenject/Source/Editor/Zenject-Editor.asmdef)
Assembly with name 'Zenject-Editor' already exists (Assets/SirGames/Plugins/Zenject/Source/Editor/Zenject-Editor.asmdef)
Folder 'Assets/SirGames/Scripts/' contains multiple assembly definition files (Assets/SirGames/Scripts/NewAssemblyReference.asmref)
Folder 'Assets/SirGames/Scripts/' contains multiple assembly definition files (Assets/SirGames/Scripts/SirGames.asmdef)
Begin MonoManager ReloadAssembly
Symbol file LoadedFromMemory doesn't match image D:\Git projects\ArcheroTestSirGames\Library\PackageCache\com.unity.visualscripting@1.8.0\Editor\VisualScripting.Core\Dependencies\YamlDotNet\Unity.VisualScripting.YamlDotNet.dll
Symbol file LoadedFromMemory doesn't match image D:\Git projects\ArcheroTestSirGames\Library\PackageCache\com.unity.visualscripting@1.8.0\Editor\VisualScripting.Core\Dependencies\DotNetZip\Unity.VisualScripting.IonicZip.dll
Native extension for WindowsStandalone target not found
Native extension for iOS target not found
Native extension for Android target not found
Refreshing native plugins compatible for Editor in 0.54 ms, found 3 plugins.
Preloading 0 native plugins for Editor in 0.00 ms.
Assembly with name 'Zenject' already exists (Assets/Plugins/Zenject/zenject.asmdef)
Assembly with name 'Zenject' already exists (Assets/SirGames/Plugins/Zenject/zenject.asmdef)
Assembly with name 'Zenject-Editor' already exists (Assets/Plugins/Zenject/Source/Editor/Zenject-Editor.asmdef)
Assembly with name 'Zenject-Editor' already exists (Assets/SirGames/Plugins/Zenject/Source/Editor/Zenject-Editor.asmdef)
Folder 'Assets/SirGames/Scripts/' contains multiple assembly definition files (Assets/SirGames/Scripts/NewAssemblyReference.asmref)
Folder 'Assets/SirGames/Scripts/' contains multiple assembly definition files (Assets/SirGames/Scripts/SirGames.asmdef)
Mono: successfully reloaded assembly
- Completed reload, in  0.865 seconds
Domain Reload Profiling:
	ReloadAssembly (866ms)
		BeginReloadAssembly (105ms)
			ExecutionOrderSort (0ms)
			DisableScriptedObjects (5ms)
			BackupInstance (0ms)
			ReleaseScriptingObjects (0ms)
			CreateAndSetChildDomain (19ms)
		EndReloadAssembly (675ms)
			LoadAssemblies (75ms)
			RebuildTransferFunctionScriptingTraits (0ms)
			SetupTypeCache (228ms)
			ReleaseScriptCaches (0ms)
			RebuildScriptCaches (36ms)
			SetupLoadedEditorAssemblies (310ms)
				LogAssemblyErrors (0ms)
				InitializePlatformSupportModulesInManaged (23ms)
				SetLoadedEditorAssemblies (0ms)
				RefreshPlugins (1ms)
				BeforeProcessingInitializeOnLoad (66ms)
				ProcessInitializeOnLoadAttributes (196ms)
				ProcessInitializeOnLoadMethodAttributes (20ms)
				AfterProcessingInitializeOnLoad (4ms)
				EditorAssembliesLoaded (0ms)
			ExecutionOrderSort2 (0ms)
			AwakeInstancesAfterBackupRestoration (5ms)
Platform modules already initialized, skipping
Refreshing native plugins compatible for Editor in 1.54 ms, found 3 plugins.
Preloading 0 native plugins for Editor in 0.00 ms.
Unloading 3494 Unused Serialized files (Serialized files now loaded: 0)
Unloading 84 unused Assets / (24.6 KB). Loaded Objects now: 3965.
Memory consumption went from 122.3 MB to 122.3 MB.
Total: 2.421100 ms (FindLiveObjects: 0.230400 ms CreateObjectMapping: 0.081300 ms MarkObjects: 2.073600 ms  DeleteObjects: 0.035000 ms)

AssetImportParameters requested are different than current active one (requested -> active):
  custom:video-decoder-ogg-theora: a1e56fd34408186e4bbccfd4996cb3dc -> 
  custom:container-muxer-webm: aa71ff27fc2769a1b78a27578f13a17b -> 
  custom:container-demuxer-webm: 4f35f7cbe854078d1ac9338744f61a02 -> 
  custom:video-encoder-webm-vp8: eb34c28f22e8b96e1ab97ce403110664 -> 
  custom:audio-encoder-webm-vorbis: bf7c407c2cedff20999df2af8eb42d56 -> 
  custom:framework-win-MediaFoundation: 216162199b28c13a410421893ffa2e32 -> 
  custom:container-demuxer-ogg: 62fdf1f143b41e24485cea50d1cbac27 -> 
  custom:video-decoder-webm-vp8: 9c59270c3fd7afecdb556c50c9e8de78 -> 
  custom:audio-decoder-ogg-vorbis: bf7c407c2cedff20999df2af8eb42d56 -> 
