Using pre-set license
Built from '2021.3/staging' branch; Version is '2021.3.26f1 (a16dc32e0ff2) revision 10579395'; Using compiler version '192829333'; Build Type 'Release'
OS: 'Windows 10  (10.0.19045) 64bit Professional' Language: 'ru' Physical Memory: 16328 MB
BatchMode: 1, IsHumanControllingUs: 0, StartBugReporterOnCrash: 0, Is64bit: 1, IsPro: 1

COMMAND LINE ARGUMENTS:
D:\Unity\Editor\2021.3.26f1\Editor\Unity.exe
-adb2
-batchMode
-noUpm
-name
AssetImportWorker0
-projectPath
D:/Git projects/ArcheroTestSirGames
-logFile
Logs/AssetImportWorker0.log
-srvPort
13518
Successfully changed project path to: D:/Git projects/ArcheroTestSirGames
D:/Git projects/ArcheroTestSirGames
[UnityMemory] Configuration Parameters - Can be set up in boot.config
    "memorysetup-bucket-allocator-granularity=16"
    "memorysetup-bucket-allocator-bucket-count=8"
    "memorysetup-bucket-allocator-block-size=33554432"
    "memorysetup-bucket-allocator-block-count=8"
    "memorysetup-main-allocator-block-size=16777216"
    "memorysetup-thread-allocator-block-size=16777216"
    "memorysetup-gfx-main-allocator-block-size=16777216"
    "memorysetup-gfx-thread-allocator-block-size=16777216"
    "memorysetup-cache-allocator-block-size=4194304"
    "memorysetup-typetree-allocator-block-size=2097152"
    "memorysetup-profiler-bucket-allocator-granularity=16"
    "memorysetup-profiler-bucket-allocator-bucket-count=8"
    "memorysetup-profiler-bucket-allocator-block-size=33554432"
    "memorysetup-profiler-bucket-allocator-block-count=8"
    "memorysetup-profiler-allocator-block-size=16777216"
    "memorysetup-profiler-editor-allocator-block-size=1048576"
    "memorysetup-temp-allocator-size-main=16777216"
    "memorysetup-job-temp-allocator-block-size=2097152"
    "memorysetup-job-temp-allocator-block-size-background=1048576"
    "memorysetup-job-temp-allocator-reduction-small-platforms=262144"
    "memorysetup-temp-allocator-size-background-worker=32768"
    "memorysetup-temp-allocator-size-job-worker=262144"
    "memorysetup-temp-allocator-size-preload-manager=33554432"
    "memorysetup-temp-allocator-size-nav-mesh-worker=65536"
    "memorysetup-temp-allocator-size-audio-worker=65536"
    "memorysetup-temp-allocator-size-cloud-worker=32768"
    "memorysetup-temp-allocator-size-gi-baking-worker=262144"
    "memorysetup-temp-allocator-size-gfx=262144"
Player connection [17708] Host "[IP] 192.168.1.107 [Port] 0 [Flags] 2 [Guid] 1141609683 [EditorId] 1141609683 [Version] 1048832 [Id] WindowsEditor(7,DESKTOP-2K3IFNL) [Debug] 1 [PackageName] WindowsEditor [ProjectName] Editor" joined multi-casting on [225.0.0.222:54997]...

Player connection [17708] Host "[IP] 192.168.1.107 [Port] 0 [Flags] 2 [Guid] 1141609683 [EditorId] 1141609683 [Version] 1048832 [Id] WindowsEditor(7,DESKTOP-2K3IFNL) [Debug] 1 [PackageName] WindowsEditor [ProjectName] Editor" joined alternative multi-casting on [225.0.0.222:34997]...

Refreshing native plugins compatible for Editor in 73.05 ms, found 3 plugins.
Preloading 0 native plugins for Editor in 0.00 ms.
Initialize engine version: 2021.3.26f1 (a16dc32e0ff2)
[Subsystems] Discovering subsystems at path D:/Unity/Editor/2021.3.26f1/Editor/Data/Resources/UnitySubsystems
[Subsystems] Discovering subsystems at path D:/Git projects/ArcheroTestSirGames/Assets
GfxDevice: creating device client; threaded=0; jobified=0
Direct3D:
    Version:  Direct3D 11.0 [level 11.1]
    Renderer: NVIDIA GeForce GTX 1070 (ID=0x1b81)
    Vendor:   NVIDIA
    VRAM:     8081 MB
    Driver:   31.0.15.2698
Initialize mono
Mono path[0] = 'D:/Unity/Editor/2021.3.26f1/Editor/Data/Managed'
Mono path[1] = 'D:/Unity/Editor/2021.3.26f1/Editor/Data/MonoBleedingEdge/lib/mono/unityjit-win32'
Mono config path = 'D:/Unity/Editor/2021.3.26f1/Editor/Data/MonoBleedingEdge/etc'
Using monoOptions --debugger-agent=transport=dt_socket,embedding=1,server=y,suspend=n,address=127.0.0.1:56068
Begin MonoManager ReloadAssembly
Registering precompiled unity dll's ...
Register platform support module: D:/Unity/Editor/2021.3.26f1/Editor/Data/PlaybackEngines/AndroidPlayer/UnityEditor.Android.Extensions.dll
Register platform support module: D:/Unity/Editor/2021.3.26f1/Editor/Data/PlaybackEngines/iOSSupport/UnityEditor.iOS.Extensions.dll
Register platform support module: D:/Unity/Editor/2021.3.26f1/Editor/Data/PlaybackEngines/WindowsStandaloneSupport/UnityEditor.WindowsStandalone.Extensions.dll
Registered in 0.003045 seconds.
Native extension for WindowsStandalone target not found
[usbmuxd] Start listen thread
[usbmuxd] Listen thread started
Native extension for iOS target not found
Native extension for Android target not found
Android Extension - Scanning For ADB Devices 185 ms
Refreshing native plugins compatible for Editor in 67.70 ms, found 3 plugins.
Preloading 0 native plugins for Editor in 0.00 ms.
Mono: successfully reloaded assembly
- Completed reload, in  0.745 seconds
Domain Reload Profiling:
	ReloadAssembly (745ms)
		BeginReloadAssembly (64ms)
			ExecutionOrderSort (0ms)
			DisableScriptedObjects (0ms)
			BackupInstance (0ms)
			ReleaseScriptingObjects (0ms)
			CreateAndSetChildDomain (1ms)
		EndReloadAssembly (604ms)
			LoadAssemblies (64ms)
			RebuildTransferFunctionScriptingTraits (0ms)
			SetupTypeCache (90ms)
			ReleaseScriptCaches (0ms)
			RebuildScriptCaches (26ms)
			SetupLoadedEditorAssemblies (448ms)
				LogAssemblyErrors (0ms)
				InitializePlatformSupportModulesInManaged (263ms)
				SetLoadedEditorAssemblies (0ms)
				RefreshPlugins (68ms)
				BeforeProcessingInitializeOnLoad (1ms)
				ProcessInitializeOnLoadAttributes (79ms)
				ProcessInitializeOnLoadMethodAttributes (37ms)
				AfterProcessingInitializeOnLoad (0ms)
				EditorAssembliesLoaded (0ms)
			ExecutionOrderSort2 (0ms)
			AwakeInstancesAfterBackupRestoration (0ms)
Platform modules already initialized, skipping
Registering precompiled user dll's ...
Registered in 0.003758 seconds.
Assembly with name 'Zenject' already exists (Assets/Plugins/Zenject/zenject.asmdef)
Assembly with name 'Zenject' already exists (Assets/SirGames/Plugins/Zenject/zenject.asmdef)
Assembly with name 'Zenject-Editor' already exists (Assets/Plugins/Zenject/Source/Editor/Zenject-Editor.asmdef)
Assembly with name 'Zenject-Editor' already exists (Assets/SirGames/Plugins/Zenject/Source/Editor/Zenject-Editor.asmdef)
Folder 'Assets/SirGames/Scripts/' contains multiple assembly definition files (Assets/SirGames/Scripts/NewAssemblyReference.asmref)
Folder 'Assets/SirGames/Scripts/' contains multiple assembly definition files (Assets/SirGames/Scripts/SirGames.asmdef)
Assembly with name 'Zenject' already exists (Assets/Plugins/Zenject/zenject.asmdef)
Assembly with name 'Zenject' already exists (Assets/SirGames/Plugins/Zenject/zenject.asmdef)
Assembly with name 'Zenject-Editor' already exists (Assets/Plugins/Zenject/Source/Editor/Zenject-Editor.asmdef)
Assembly with name 'Zenject-Editor' already exists (Assets/SirGames/Plugins/Zenject/Source/Editor/Zenject-Editor.asmdef)
Folder 'Assets/SirGames/Scripts/' contains multiple assembly definition files (Assets/SirGames/Scripts/NewAssemblyReference.asmref)
Folder 'Assets/SirGames/Scripts/' contains multiple assembly definition files (Assets/SirGames/Scripts/SirGames.asmdef)
Begin MonoManager ReloadAssembly
Symbol file LoadedFromMemory doesn't match image D:\Git projects\ArcheroTestSirGames\Library\PackageCache\com.unity.visualscripting@1.8.0\Editor\VisualScripting.Core\Dependencies\YamlDotNet\Unity.VisualScripting.YamlDotNet.dll
Symbol file LoadedFromMemory doesn't match image D:\Git projects\ArcheroTestSirGames\Library\PackageCache\com.unity.visualscripting@1.8.0\Editor\VisualScripting.Core\Dependencies\DotNetZip\Unity.VisualScripting.IonicZip.dll
Native extension for WindowsStandalone target not found
Native extension for iOS target not found
Native extension for Android target not found
Refreshing native plugins compatible for Editor in 0.52 ms, found 3 plugins.
Preloading 0 native plugins for Editor in 0.00 ms.
Assembly with name 'Zenject' already exists (Assets/Plugins/Zenject/zenject.asmdef)
Assembly with name 'Zenject' already exists (Assets/SirGames/Plugins/Zenject/zenject.asmdef)
Assembly with name 'Zenject-Editor' already exists (Assets/Plugins/Zenject/Source/Editor/Zenject-Editor.asmdef)
Assembly with name 'Zenject-Editor' already exists (Assets/SirGames/Plugins/Zenject/Source/Editor/Zenject-Editor.asmdef)
Folder 'Assets/SirGames/Scripts/' contains multiple assembly definition files (Assets/SirGames/Scripts/NewAssemblyReference.asmref)
Folder 'Assets/SirGames/Scripts/' contains multiple assembly definition files (Assets/SirGames/Scripts/SirGames.asmdef)
Mono: successfully reloaded assembly
- Completed reload, in  0.632 seconds
Domain Reload Profiling:
	ReloadAssembly (632ms)
		BeginReloadAssembly (104ms)
			ExecutionOrderSort (0ms)
			DisableScriptedObjects (6ms)
			BackupInstance (0ms)
			ReleaseScriptingObjects (0ms)
			CreateAndSetChildDomain (22ms)
		EndReloadAssembly (431ms)
			LoadAssemblies (63ms)
			RebuildTransferFunctionScriptingTraits (0ms)
			SetupTypeCache (126ms)
			ReleaseScriptCaches (1ms)
			RebuildScriptCaches (27ms)
			SetupLoadedEditorAssemblies (191ms)
				LogAssemblyErrors (0ms)
				InitializePlatformSupportModulesInManaged (23ms)
				SetLoadedEditorAssemblies (0ms)
				RefreshPlugins (1ms)
				BeforeProcessingInitializeOnLoad (74ms)
				ProcessInitializeOnLoadAttributes (74ms)
				ProcessInitializeOnLoadMethodAttributes (17ms)
				AfterProcessingInitializeOnLoad (3ms)
				EditorAssembliesLoaded (0ms)
			ExecutionOrderSort2 (0ms)
			AwakeInstancesAfterBackupRestoration (5ms)
Platform modules already initialized, skipping
========================================================================
Worker process is ready to serve import requests
Launched and connected shader compiler UnityShaderCompiler.exe after 0.03 seconds
Refreshing native plugins compatible for Editor in 0.58 ms, found 3 plugins.
Preloading 0 native plugins for Editor in 0.00 ms.
Unloading 3569 Unused Serialized files (Serialized files now loaded: 0)
Unloading 21 unused Assets / (284.1 KB). Loaded Objects now: 4024.
Memory consumption went from 122.9 MB to 122.6 MB.
Total: 3.033800 ms (FindLiveObjects: 0.424300 ms CreateObjectMapping: 0.117900 ms MarkObjects: 2.413300 ms  DeleteObjects: 0.077200 ms)

AssetImportParameters requested are different than current active one (requested -> active):
  custom:video-decoder-ogg-theora: a1e56fd34408186e4bbccfd4996cb3dc -> 
  custom:container-muxer-webm: aa71ff27fc2769a1b78a27578f13a17b -> 
  custom:container-demuxer-webm: 4f35f7cbe854078d1ac9338744f61a02 -> 
  custom:video-encoder-webm-vp8: eb34c28f22e8b96e1ab97ce403110664 -> 
  custom:audio-encoder-webm-vorbis: bf7c407c2cedff20999df2af8eb42d56 -> 
  custom:framework-win-MediaFoundation: 216162199b28c13a410421893ffa2e32 -> 
  custom:container-demuxer-ogg: 62fdf1f143b41e24485cea50d1cbac27 -> 
  custom:video-decoder-webm-vp8: 9c59270c3fd7afecdb556c50c9e8de78 -> 
  custom:audio-decoder-ogg-vorbis: bf7c407c2cedff20999df2af8eb42d56 -> 
========================================================================
Received Import Request.
  Time since last request: 28735.527109 seconds.
  path: Assets/SirGames
  artifactKey: Guid(d1a4e1737bcca644593e961c5530a3b8) Importer(815301076,1909f56bfc062723c751e8b465ee728b)
Start importing Assets/SirGames using Guid(d1a4e1737bcca644593e961c5530a3b8) Importer(815301076,1909f56bfc062723c751e8b465ee728b)  -> (artifact id: '3366c5c0a39dbf2c18c8cabb729bf0bc') in 0.013214 seconds 
========================================================================
Received Import Request.
  Time since last request: 10.125590 seconds.
  path: Assets/SirGames/Plugins/Zenject/zenject.asmdef
  artifactKey: Guid(9cdb980639fa6d042bc416ff6c4ddf1f) Importer(815301076,1909f56bfc062723c751e8b465ee728b)
Start importing Assets/SirGames/Plugins/Zenject/zenject.asmdef using Guid(9cdb980639fa6d042bc416ff6c4ddf1f) Importer(815301076,1909f56bfc062723c751e8b465ee728b)  -> (artifact id: '19ffc2631617f4e46e33bd9401cc7355') in 0.015903 seconds 
========================================================================
Received Prepare
Registering precompiled user dll's ...
Registered in 0.004041 seconds.
Assembly with name 'Zenject' already exists (Assets/Plugins/Zenject/zenject.asmdef)
Assembly with name 'Zenject' already exists (Assets/SirGames/Plugins/Zenject/zenject.asmdef)
Assembly with name 'Zenject-Editor' already exists (Assets/Plugins/Zenject/Source/Editor/Zenject-Editor.asmdef)
Assembly with name 'Zenject-Editor' already exists (Assets/SirGames/Plugins/Zenject/Source/Editor/Zenject-Editor.asmdef)
Folder 'Assets/SirGames/Scripts/' contains multiple assembly definition files (Assets/SirGames/Scripts/NewAssemblyReference.asmref)
Folder 'Assets/SirGames/Scripts/' contains multiple assembly definition files (Assets/SirGames/Scripts/SirGames.asmdef)
Assembly with name 'Zenject' already exists (Assets/Plugins/Zenject/zenject.asmdef)
Assembly with name 'Zenject' already exists (Assets/SirGames/Plugins/Zenject/zenject.asmdef)
Assembly with name 'Zenject-Editor' already exists (Assets/Plugins/Zenject/Source/Editor/Zenject-Editor.asmdef)
Assembly with name 'Zenject-Editor' already exists (Assets/SirGames/Plugins/Zenject/Source/Editor/Zenject-Editor.asmdef)
Folder 'Assets/SirGames/Scripts/' contains multiple assembly definition files (Assets/SirGames/Scripts/NewAssemblyReference.asmref)
Folder 'Assets/SirGames/Scripts/' contains multiple assembly definition files (Assets/SirGames/Scripts/SirGames.asmdef)
Begin MonoManager ReloadAssembly
Symbol file LoadedFromMemory doesn't match image D:\Git projects\ArcheroTestSirGames\Library\PackageCache\com.unity.visualscripting@1.8.0\Editor\VisualScripting.Core\Dependencies\YamlDotNet\Unity.VisualScripting.YamlDotNet.dll
Symbol file LoadedFromMemory doesn't match image D:\Git projects\ArcheroTestSirGames\Library\PackageCache\com.unity.visualscripting@1.8.0\Editor\VisualScripting.Core\Dependencies\DotNetZip\Unity.VisualScripting.IonicZip.dll
Native extension for WindowsStandalone target not found
Native extension for iOS target not found
Native extension for Android target not found
Refreshing native plugins compatible for Editor in 0.54 ms, found 3 plugins.
Preloading 0 native plugins for Editor in 0.00 ms.
Assembly with name 'Zenject' already exists (Assets/Plugins/Zenject/zenject.asmdef)
Assembly with name 'Zenject' already exists (Assets/SirGames/Plugins/Zenject/zenject.asmdef)
Assembly with name 'Zenject-Editor' already exists (Assets/Plugins/Zenject/Source/Editor/Zenject-Editor.asmdef)
Assembly with name 'Zenject-Editor' already exists (Assets/SirGames/Plugins/Zenject/Source/Editor/Zenject-Editor.asmdef)
Folder 'Assets/SirGames/Scripts/' contains multiple assembly definition files (Assets/SirGames/Scripts/NewAssemblyReference.asmref)
Folder 'Assets/SirGames/Scripts/' contains multiple assembly definition files (Assets/SirGames/Scripts/SirGames.asmdef)
Mono: successfully reloaded assembly
- Completed reload, in  0.904 seconds
Domain Reload Profiling:
	ReloadAssembly (904ms)
		BeginReloadAssembly (108ms)
			ExecutionOrderSort (0ms)
			DisableScriptedObjects (6ms)
			BackupInstance (0ms)
			ReleaseScriptingObjects (0ms)
			CreateAndSetChildDomain (20ms)
		EndReloadAssembly (709ms)
			LoadAssemblies (76ms)
			RebuildTransferFunctionScriptingTraits (0ms)
			SetupTypeCache (230ms)
			ReleaseScriptCaches (0ms)
			RebuildScriptCaches (43ms)
			SetupLoadedEditorAssemblies (340ms)
				LogAssemblyErrors (0ms)
				InitializePlatformSupportModulesInManaged (24ms)
				SetLoadedEditorAssemblies (0ms)
				RefreshPlugins (1ms)
				BeforeProcessingInitializeOnLoad (87ms)
				ProcessInitializeOnLoadAttributes (209ms)
				ProcessInitializeOnLoadMethodAttributes (17ms)
				AfterProcessingInitializeOnLoad (3ms)
				EditorAssembliesLoaded (0ms)
			ExecutionOrderSort2 (0ms)
			AwakeInstancesAfterBackupRestoration (4ms)
Platform modules already initialized, skipping
Refreshing native plugins compatible for Editor in 1.27 ms, found 3 plugins.
Preloading 0 native plugins for Editor in 0.00 ms.
Unloading 3494 Unused Serialized files (Serialized files now loaded: 0)
Unloading 84 unused Assets / (24.6 KB). Loaded Objects now: 3965.
Memory consumption went from 122.3 MB to 122.3 MB.
Total: 2.314100 ms (FindLiveObjects: 0.224000 ms CreateObjectMapping: 0.080200 ms MarkObjects: 1.977800 ms  DeleteObjects: 0.031400 ms)

AssetImportParameters requested are different than current active one (requested -> active):
  custom:video-decoder-ogg-theora: a1e56fd34408186e4bbccfd4996cb3dc -> 
  custom:container-muxer-webm: aa71ff27fc2769a1b78a27578f13a17b -> 
  custom:container-demuxer-webm: 4f35f7cbe854078d1ac9338744f61a02 -> 
  custom:video-encoder-webm-vp8: eb34c28f22e8b96e1ab97ce403110664 -> 
  custom:audio-encoder-webm-vorbis: bf7c407c2cedff20999df2af8eb42d56 -> 
  custom:framework-win-MediaFoundation: 216162199b28c13a410421893ffa2e32 -> 
  custom:container-demuxer-ogg: 62fdf1f143b41e24485cea50d1cbac27 -> 
  custom:video-decoder-webm-vp8: 9c59270c3fd7afecdb556c50c9e8de78 -> 
  custom:audio-decoder-ogg-vorbis: bf7c407c2cedff20999df2af8eb42d56 -> 
